--- Startup times for process: Primary/TUI ---

times in msec
 clock   self+sourced   self:  sourced script
 clock   elapsed:              other lines

000.012  000.012: --- NVIM STARTING ---
000.246  000.234: event init
000.790  000.543: early init
028.440  027.650: locale set
028.520  000.080: init first window
029.635  001.115: inits 1
029.976  000.341: window checked
029.999  000.022: parsing arguments
031.857  000.600  000.600: require('vim.shared')
032.930  000.362  000.362: require('vim.inspect')
033.609  000.648  000.648: require('vim._options')
033.624  001.752  000.742: require('vim._editor')
033.632  002.562  000.209: require('vim._init_packages')
033.660  001.100: init lua interpreter
036.685  003.025: --- NVIM STARTED ---

--- Startup times for process: Embedded ---

times in msec
 clock   self+sourced   self:  sourced script
 clock   elapsed:              other lines

000.009  000.009: --- NVIM STARTING ---
000.182  000.173: event init
000.477  000.295: early init
025.573  025.096: locale set
025.628  000.055: init first window
026.399  000.771: inits 1
026.529  000.130: window checked
026.547  000.018: parsing arguments
028.453  000.678  000.678: require('vim.shared')
029.649  000.396  000.396: require('vim.inspect')
030.354  000.671  000.671: require('vim._options')
030.367  001.898  000.831: require('vim._editor')
030.376  002.810  000.235: require('vim._init_packages')
030.396  001.038: init lua interpreter
030.933  000.537: expanding arguments
030.976  000.043: inits 2
032.279  001.303: init highlight
032.287  000.009: waiting for UI
032.492  000.205: done waiting for UI
032.506  000.014: clear screen
033.201  000.096  000.096: require('vim.keymap')
036.473  002.081  002.081: require('vim.termcap')
036.789  000.278  000.278: require('vim.text')
059.096  026.581  024.127: require('vim._defaults')
059.108  000.021: init default mappings & autocommands
059.610  000.176  000.176: sourcing C:\Program Files\Neovim\share\nvim\runtime\ftplugin.vim
060.083  000.118  000.118: sourcing C:\Program Files\Neovim\share\nvim\runtime\indent.vim
062.937  001.829  001.829: require('lazy')
063.004  000.022  000.022: require('ffi')
063.872  000.394  000.394: require('vim.fs')
064.397  000.507  000.507: require('vim.uri')
064.434  001.409  000.508: require('vim.loader')
065.199  000.580  000.580: require('lazy.stats')
065.784  000.377  000.377: require('lazy.core.util')
066.330  000.534  000.534: require('lazy.core.config')
067.028  000.370  000.370: require('lazy.core.handler')
067.878  000.298  000.298: require('lazy.pkg')
067.893  000.574  000.277: require('lazy.core.meta')
067.905  000.865  000.291: require('lazy.core.plugin')
067.917  001.576  000.341: require('lazy.core.loader')
068.811  000.293  000.293: require('lazy.core.fragments')
075.493  000.295  000.295: require('lazy.core.handler.event')
075.510  000.601  000.306: require('lazy.core.handler.ft')
075.967  000.446  000.446: require('lazy.core.handler.keys')
076.372  000.379  000.379: require('lazy.core.handler.cmd')
078.517  001.280  001.280: sourcing C:\Program Files\Neovim\share/nvim/runtime/filetype.lua
081.457  000.360  000.360: require('Comment.config')
082.094  000.313  000.313: require('Comment.ft')
082.111  000.640  000.327: require('Comment.utils')
082.354  000.236  000.236: require('Comment.opfunc')
082.578  000.213  000.213: require('Comment.extra')
082.591  003.166  001.716: require('Comment.api')
082.909  003.791  000.624: sourcing C:/Users/Thunder/.config/nvim-data/lazy/Comment.nvim/plugin/Comment.lua
083.261  000.249  000.249: require('Comment')
084.420  000.235  000.235: sourcing C:/Users/Thunder/.config/nvim-data/lazy/github-theme/plugin/github_theme.lua
086.542  000.224  000.224: require('github-theme.lib.collect')
086.908  000.352  000.352: require('github-theme.util')
086.986  000.906  000.330: require('github-theme.config')
087.282  000.275  000.275: require('github-theme.override')
087.315  002.781  001.600: require('github-theme')
088.205  000.265  000.265: require('github-theme.lib.hash')
088.692  000.295  000.295: require('github-theme.util.deprecation')
088.956  000.251  000.251: require('github-theme.lib.deprecation')
090.695  000.110  000.110: sourcing C:/Users/Thunder/.config/nvim-data/lazy/nvim-web-devicons/plugin/nvim-web-devicons.vim
093.061  000.275  000.275: require('bufferline.lazy')
093.418  000.337  000.337: require('bufferline.commands')
093.852  000.419  000.419: require('bufferline.config')
093.876  002.961  001.930: require('bufferline')
094.748  000.483  000.483: require('bufferline.utils')
094.761  000.868  000.385: require('bufferline.groups')
095.222  000.408  000.408: require('bufferline.constants')
095.737  000.492  000.492: require('bufferline.colors')
096.522  000.280  000.280: require('bufferline.highlights')
096.781  000.041  000.041: require('vim.F')
098.273  000.366  000.366: require('vim.version')
100.352  002.710  002.344: require('bufferline.hover')
100.814  000.371  000.371: require('bufferline.ui')
102.804  000.243  000.243: require('nvim-tree.log')
103.566  000.261  000.261: require('nvim-tree.notify')
103.584  000.507  000.246: require('nvim-tree.events')
104.108  000.229  000.229: require('nvim-tree.iterators.node-iterator')
104.242  000.649  000.420: require('nvim-tree.utils')
104.270  001.454  000.298: require('nvim-tree.view')
105.334  000.243  000.243: require('nvim-tree.core')
105.932  000.281  000.281: require('nvim-tree.git.utils')
106.211  000.265  000.265: require('nvim-tree.renderer.components.devicons')
106.825  000.301  000.301: require('nvim-tree.classic')
106.846  000.622  000.321: require('nvim-tree.node')
106.861  001.514  000.346: require('nvim-tree.node.directory')
106.873  002.054  000.297: require('nvim-tree.actions.finders.find-file')
107.156  000.275  000.275: require('nvim-tree.actions.finders.search-node')
107.168  002.614  000.285: require('nvim-tree.actions.finders')
108.038  000.275  000.275: require('nvim-tree.node.file')
108.053  000.562  000.287: require('nvim-tree.actions.fs.create-file')
108.696  000.304  000.304: require('nvim-tree.lib')
109.304  000.310  000.310: require('nvim-tree.node.link')
109.355  000.645  000.334: require('nvim-tree.node.directory-link')
109.372  001.310  000.362: require('nvim-tree.actions.fs.remove-file')
109.677  000.297  000.297: require('nvim-tree.actions.fs.rename-file')
109.999  000.309  000.309: require('nvim-tree.actions.fs.trash')
110.013  002.838  000.359: require('nvim-tree.actions.fs')
110.962  000.340  000.340: require('nvim-tree.diagnostics')
110.981  000.647  000.308: require('nvim-tree.actions.moves.item')
111.287  000.298  000.298: require('nvim-tree.actions.moves.parent')
111.571  000.271  000.271: require('nvim-tree.actions.moves.sibling')
111.584  001.562  000.346: require('nvim-tree.actions.moves')
112.263  000.292  000.292: require('nvim-tree.actions.node.file-popup')
112.646  000.368  000.368: require('nvim-tree.actions.node.open-file')
113.088  000.428  000.428: require('nvim-tree.actions.node.run-command')
113.505  000.403  000.403: require('nvim-tree.actions.node.system-open')
113.933  000.414  000.414: require('nvim-tree.actions.node.buffer')
113.947  002.355  000.451: require('nvim-tree.actions.node')
114.889  000.426  000.426: require('nvim-tree.actions.root.change-dir')
115.201  000.298  000.298: require('nvim-tree.actions.root.dir-up')
115.215  001.260  000.537: require('nvim-tree.actions.root')
115.771  000.250  000.250: require('nvim-tree.actions.tree.find-file')
116.348  000.247  000.247: require('nvim-tree.actions.tree.modifiers.collapse-all')
116.663  000.302  000.302: require('nvim-tree.actions.tree.modifiers.expand-all')
116.677  000.894  000.344: require('nvim-tree.actions.tree.modifiers')
116.946  000.261  000.261: require('nvim-tree.actions.tree.open')
117.198  000.240  000.240: require('nvim-tree.actions.tree.toggle')
117.440  000.230  000.230: require('nvim-tree.actions.tree.resize')
117.452  002.229  000.354: require('nvim-tree.actions.tree')
117.460  013.182  000.323: require('nvim-tree.actions')
117.927  000.451  000.451: require('vim.diagnostic')
117.973  016.881  001.551: require('nvim-tree')
118.258  000.252  000.252: require('nvim-tree.legacy')
121.212  000.267  000.267: require('nvim-tree.keymap')
121.585  000.359  000.359: require('nvim-tree.appearance')
122.701  000.244  000.244: require('nvim-tree.buffers')
123.280  000.254  000.254: require('nvim-tree.git.runner')
123.618  000.325  000.325: require('nvim-tree.watcher')
123.636  000.920  000.342: require('nvim-tree.git')
124.222  000.330  000.330: require('nvim-tree.node.file-link')
124.249  000.605  000.276: require('nvim-tree.node.factory')
124.502  000.245  000.245: require('nvim-tree.node.root')
124.989  000.226  000.226: require('nvim-tree.enum')
125.007  000.493  000.267: require('nvim-tree.explorer.filters')
125.314  000.299  000.299: require('nvim-tree.marks')
125.594  000.269  000.269: require('nvim-tree.explorer.live-filter')
126.030  000.293  000.293: require('nvim-tree.explorer.sorter')
126.317  000.275  000.275: require('nvim-tree.actions.fs.clipboard')
127.390  000.274  000.274: require('nvim-tree.renderer.decorator')
127.409  000.532  000.258: require('nvim-tree.renderer.decorator.bookmarks')
127.715  000.299  000.299: require('nvim-tree.renderer.decorator.copied')
128.004  000.269  000.269: require('nvim-tree.renderer.decorator.cut')
128.291  000.275  000.275: require('nvim-tree.renderer.decorator.diagnostics')
128.667  000.350  000.350: require('nvim-tree.renderer.decorator.git')
128.962  000.283  000.283: require('nvim-tree.renderer.decorator.hidden')
129.224  000.250  000.250: require('nvim-tree.renderer.decorator.modified')
129.581  000.346  000.346: require('nvim-tree.renderer.decorator.opened')
129.930  000.336  000.336: require('nvim-tree.renderer.decorator.user')
130.228  000.287  000.287: require('nvim-tree.renderer.components.padding')
130.249  003.637  000.410: require('nvim-tree.renderer.builder')
130.262  003.933  000.296: require('nvim-tree.renderer')
130.280  008.151  000.574: require('nvim-tree.explorer')
130.558  000.270  000.270: require('nvim-tree.explorer.watch')
131.107  000.243  000.243: require('nvim-tree.renderer.components.full-name')
131.121  000.545  000.302: require('nvim-tree.renderer.components')
131.813  000.342  000.342: require('nvim-web-devicons.filetypes')
132.692  000.557  000.557: require('nvim-web-devicons.default.icons_by_filename')
133.731  001.026  001.026: require('nvim-web-devicons.default.icons_by_file_extension')
134.125  000.380  000.380: require('nvim-web-devicons.default.icons_by_operating_system')
134.416  000.278  000.278: require('nvim-web-devicons.default.icons_by_desktop_environment')
134.708  000.268  000.268: require('nvim-web-devicons.default.icons_by_window_manager')
134.720  002.856  000.348: require('nvim-web-devicons.icons-default')
135.244  004.115  000.917: require('nvim-web-devicons')
149.839  000.279  000.279: require('nvim-tree.help')
150.333  000.234  000.234: require('nvim-tree.appearance.hi-test')
150.382  000.530  000.296: require('nvim-tree.api')
150.682  000.249  000.249: require('nvim-tree.commands')
155.357  000.193  000.193: require('nvim-ts-autotag._log')
155.582  000.212  000.212: require('nvim-ts-autotag.config.init')
157.970  000.238  000.238: require('vim.treesitter.language')
158.191  000.207  000.207: require('vim.func')
158.411  000.207  000.207: require('vim.func._memoize')
158.437  000.979  000.327: require('vim.treesitter.query')
158.701  000.257  000.257: require('vim.treesitter._range')
158.730  001.552  000.317: require('vim.treesitter.languagetree')
158.743  002.431  000.879: require('vim.treesitter')
158.752  002.655  000.223: require('nvim-ts-autotag.utils')
158.761  002.912  000.257: require('nvim-ts-autotag.config.ft')
158.769  003.176  000.264: require('nvim-ts-autotag.config.plugin')
158.780  003.844  000.263: require('nvim-ts-autotag.internal')
158.788  005.522  001.678: require('nvim-ts-autotag')
162.919  000.415  000.415: require('nvim-treesitter.utils')
169.911  006.974  006.974: require('nvim-treesitter.parsers')
171.471  000.351  000.351: require('nvim-treesitter.compat')
172.186  000.380  000.380: require('nvim-treesitter.ts_utils')
172.214  000.727  000.347: require('nvim-treesitter.tsrange')
172.531  000.308  000.308: require('nvim-treesitter.caching')
172.563  001.870  000.484: require('nvim-treesitter.query')
172.604  002.310  000.440: require('nvim-treesitter.configs')
172.620  002.694  000.384: require('nvim-treesitter.info')
173.011  000.382  000.382: require('nvim-treesitter.shell_command_selectors')
173.080  010.922  000.458: require('nvim-treesitter.install')
173.435  000.344  000.344: require('nvim-treesitter.statusline')
173.825  000.378  000.378: require('nvim-treesitter.query_predicates')
173.839  013.647  002.004: require('nvim-treesitter')
175.580  015.644  001.996: sourcing C:/Users/Thunder/.config/nvim-data/lazy/nvim-treesitter/plugin/nvim-treesitter.lua
175.761  016.966  001.322: require('nvim-treesitter')
175.809  022.748  000.260: sourcing C:/Users/Thunder/.config/nvim-data/lazy/nvim-ts-autotag/plugin/nvim-ts-autotag.lua
182.571  000.629  000.629: require('lualine_require')
184.494  005.084  004.455: require('lualine')
189.121  000.877  000.877: require('lualine.highlight')
204.912  000.324  000.324: require('lualine.utils.mode')
218.222  000.099  000.099: sourcing C:/Users/Thunder/.config/nvim-data/lazy/themery.nvim/plugin/themery.vim
220.671  000.238  000.238: require('themery.constants')
220.896  000.212  000.212: require('themery.utils')
221.113  000.206  000.206: require('themery.filesystem')
221.341  000.218  000.218: require('themery.config')
221.352  001.136  000.260: require('themery.persistence')
221.816  000.231  000.231: require('themery.window')
221.832  000.473  000.242: require('themery.controller')
234.430  000.237  000.237: require('rose-pine.config')
234.444  001.232  000.995: require('rose-pine')
234.756  000.237  000.237: require('rose-pine.utilities')
235.001  000.234  000.234: require('rose-pine.palette')
237.578  004.559  002.856: sourcing C:\Users\Thunder\.config\nvim-data\lazy\rose-pine\colors\rose-pine.lua
254.484  036.173  030.006: require('themery')
258.767  000.220  000.220: require('mason-core.path')
259.302  000.290  000.290: require('mason-core.functional')
259.842  000.222  000.222: require('mason-core.functional.data')
259.859  000.482  000.260: require('mason-core.functional.function')
260.159  000.219  000.219: require('mason-core.functional.relation')
260.392  000.216  000.216: require('mason-core.functional.logic')
260.418  001.639  000.432: require('mason-core.platform')
260.692  000.250  000.250: require('mason.settings')
260.703  004.121  002.012: require('mason')
261.513  000.327  000.327: require('mason-core.functional.list')
261.844  000.314  000.314: require('mason-core.functional.string')
261.932  001.031  000.390: require('mason.api.command')
262.309  000.352  000.352: require('mason-registry.sources')
265.116  000.256  000.256: sourcing C:/Users/Thunder/.config/nvim-data/lazy/conform.nvim/plugin/conform.lua
281.959  002.991  002.991: require('cmp.utils.api')
282.445  000.211  000.211: require('cmp.types.cmp')
283.009  000.275  000.275: require('cmp.utils.misc')
283.042  000.585  000.310: require('cmp.types.lsp')
283.274  000.224  000.224: require('cmp.types.vim')
283.285  001.315  000.294: require('cmp.types')
283.512  000.221  000.221: require('cmp.utils.highlight')
284.027  000.239  000.239: require('cmp.utils.debug')
284.045  000.523  000.283: require('cmp.utils.autocmd')
284.467  005.726  000.676: sourcing C:/Users/Thunder/.config/nvim-data/lazy/nvim-cmp/plugin/cmp.lua
293.309  004.280  004.280: require('vim.filetype')
300.274  000.477  000.477: require('luasnip.util.types')
300.303  001.274  000.797: require('luasnip.util.ext_opts')
301.944  000.615  000.615: require('luasnip.util.lazy_table')
302.472  000.513  000.513: require('luasnip.extras.filetype_functions')
302.625  001.776  000.648: require('luasnip.default_config')
302.636  002.324  000.548: require('luasnip.session')
302.674  008.943  005.345: require('luasnip.config')
304.836  001.131  001.131: require('luasnip.util.util')
305.368  000.243  000.243: require('luasnip.nodes.key_indexer')
305.612  000.230  000.230: require('luasnip.util.feedkeys')
305.628  000.777  000.304: require('luasnip.nodes.util')
306.170  000.230  000.230: require('luasnip.session.snippet_collection.source')
306.402  000.220  000.220: require('luasnip.util.table')
306.648  000.234  000.234: require('luasnip.util.auto_table')
306.667  001.031  000.347: require('luasnip.session.snippet_collection')
307.384  000.236  000.236: require('luasnip.util.select')
307.638  000.240  000.240: require('luasnip.util.time')
308.194  001.284  000.807: require('luasnip.util._builtin_vars')
308.349  001.675  000.391: require('luasnip.util.environ')
308.648  000.287  000.287: require('luasnip.util.extend_decorator')
309.378  000.403  000.403: require('luasnip.util.path')
310.200  000.545  000.545: require('luasnip.util.log')
310.316  000.925  000.380: require('luasnip.loaders.util')
310.625  000.297  000.297: require('luasnip.loaders.data')
310.951  000.314  000.314: require('luasnip.loaders.fs_watchers')
310.966  002.305  000.365: require('luasnip.loaders')
311.005  008.316  001.109: require('luasnip')
311.078  022.441  000.902: sourcing C:/Users/Thunder/.config/nvim-data/lazy/LuaSnip/plugin/luasnip.lua
311.498  000.101  000.101: sourcing C:/Users/Thunder/.config/nvim-data/lazy/LuaSnip/plugin/luasnip.vim
316.859  000.395  000.395: require('vim.lsp.log')
317.584  000.709  000.709: require('vim.lsp.protocol')
318.418  000.408  000.408: require('vim.lsp._snippet_grammar')
318.698  000.265  000.265: require('vim.highlight')
318.740  001.140  000.466: require('vim.lsp.util')
319.262  000.251  000.251: require('vim.lsp.sync')
319.280  000.529  000.278: require('vim.lsp._changetracking')
319.625  000.336  000.336: require('vim.lsp.rpc')
319.731  003.602  000.493: require('vim.lsp')
320.197  000.442  000.442: require('lspconfig.util')
320.292  004.450  000.406: sourcing C:/Users/Thunder/.config/nvim-data/lazy/nvim-lspconfig/plugin/lspconfig.lua
320.719  000.315  000.315: require('conform')
321.913  000.262  000.262: require('cmp.utils.char')
321.932  000.595  000.333: require('cmp.utils.str')
322.631  000.215  000.215: require('cmp.utils.buffer')
322.664  000.485  000.270: require('cmp.utils.keymap')
322.672  000.733  000.248: require('cmp.utils.feedkeys')
323.450  000.249  000.249: require('cmp.config.mapping')
323.695  000.233  000.233: require('cmp.utils.cache')
324.190  000.237  000.237: require('cmp.config.compare')
324.203  000.494  000.257: require('cmp.config.default')
324.241  001.273  000.297: require('cmp.config')
324.270  001.592  000.319: require('cmp.utils.async')
324.772  000.247  000.247: require('cmp.utils.pattern')
324.787  000.509  000.262: require('cmp.context')
325.574  000.272  000.272: require('cmp.utils.snippet')
325.844  000.256  000.256: require('cmp.matcher')
325.861  000.816  000.288: require('cmp.entry')
325.874  001.081  000.264: require('cmp.source')
326.350  000.223  000.223: require('cmp.utils.event')
327.062  000.226  000.226: require('cmp.utils.options')
327.078  000.487  000.262: require('cmp.utils.window')
327.087  000.724  000.237: require('cmp.view.docs_view')
327.361  000.268  000.268: require('cmp.view.custom_entries_view')
327.628  000.255  000.255: require('cmp.view.wildmenu_entries_view')
327.886  000.247  000.247: require('cmp.view.native_entries_view')
328.181  000.285  000.285: require('cmp.view.ghost_text_view')
328.200  002.319  000.316: require('cmp.view')
329.356  008.292  001.464: require('cmp.core')
329.942  000.300  000.300: require('cmp.config.sources')
330.212  000.254  000.254: require('cmp.config.window')
330.334  009.559  000.713: require('cmp')
331.019  000.301  000.301: require('luasnip.session.enqueueable_operations')
332.396  000.256  000.256: require('luasnip.util.events')
332.426  000.607  000.350: require('luasnip.nodes.node')
332.908  000.473  000.473: require('luasnip.nodes.insertNode')
333.217  000.295  000.295: require('luasnip.nodes.textNode')
333.516  000.285  000.285: require('luasnip.util.mark')
333.816  000.287  000.287: require('luasnip.util.pattern_tokenizer')
334.094  000.265  000.265: require('luasnip.util.dict')
341.229  006.840  006.840: require('luasnip.util.jsregexp')
341.245  007.124  000.284: require('luasnip.nodes.util.trig_engines')
341.344  009.961  000.625: require('luasnip.nodes.snippet')
342.118  000.224  000.224: require('luasnip.util.parser.neovim_ast')
342.365  000.233  000.233: require('luasnip.util.str')
343.362  000.982  000.982: require('luasnip.util.jsregexp')
343.650  000.276  000.276: require('luasnip.util.directed_graph')
343.665  002.015  000.300: require('luasnip.util.parser.ast_utils')
344.027  000.354  000.354: require('luasnip.nodes.functionNode')
344.373  000.335  000.335: require('luasnip.nodes.choiceNode')
344.746  000.361  000.361: require('luasnip.nodes.dynamicNode')
345.049  000.289  000.289: require('luasnip.util.functions')
345.070  003.715  000.361: require('luasnip.util.parser.ast_parser')
345.529  000.450  000.450: require('luasnip.util.parser.neovim_parser')
345.552  014.517  000.391: require('luasnip.util.parser')
345.914  000.353  000.353: require('luasnip.nodes.snippetProxy')
346.367  000.436  000.436: require('luasnip.util.jsonc')
346.979  000.290  000.290: require('luasnip.nodes.duplicate')
346.995  000.612  000.322: require('luasnip.loaders.snippet_cache')
347.015  016.671  000.453: require('luasnip.loaders.from_vscode')
383.269  000.275  000.275: require('luasnip.nodes.multiSnippet')
385.926  000.375  000.375: require('luasnip.loaders.from_lua')
388.160  000.273  000.273: require('cmp_nvim_lsp.source')
388.176  000.573  000.299: require('cmp_nvim_lsp')
390.106  000.290  000.290: require('fidget.spinner.patterns')
390.121  000.553  000.263: require('fidget.spinner')
390.408  000.278  000.278: require('fidget.options')
390.426  001.121  000.291: require('fidget.progress.display')
391.029  000.317  000.317: require('fidget.logger')
391.496  000.454  000.454: require('vim.lsp.handlers')
391.516  001.082  000.311: require('fidget.progress.lsp')
392.730  000.315  000.315: require('fidget.poll')
392.750  000.638  000.323: require('fidget.notification.model')
393.117  000.360  000.360: require('fidget.notification.window')
393.437  000.307  000.307: require('fidget.notification.view')
393.465  001.643  000.338: require('fidget.notification')
393.477  001.953  000.311: require('fidget.progress.handle')
393.538  004.531  000.374: require('fidget.progress')
393.940  000.392  000.392: require('fidget.commands')
394.463  000.245  000.245: require('fidget.integration.nvim-tree')
394.737  000.262  000.262: require('fidget.integration.xcodebuild-nvim')
394.797  000.843  000.336: require('fidget.integration')
394.814  006.125  000.359: require('fidget')
396.873  000.799  000.799: require('mason-core.log')
397.211  000.324  000.324: require('mason-lspconfig.settings')
397.232  001.456  000.333: require('mason-lspconfig')
397.980  000.357  000.357: require('mason-lspconfig.notify')
397.997  000.722  000.365: require('mason-lspconfig.lspconfig_hook')
398.977  000.566  000.566: require('mason-core.functional.table')
399.066  001.062  000.495: require('mason-lspconfig.mappings.server')
400.065  000.548  000.548: require('mason-core.EventEmitter')
400.503  000.424  000.424: require('mason-core.optional')
401.684  000.730  000.730: require('mason-core.async')
402.105  000.396  000.396: require('mason-core.async.uv')
402.131  001.615  000.489: require('mason-core.fs')
402.192  003.116  000.529: require('mason-registry')
402.527  000.326  000.326: require('mason-lspconfig.server_config_extensions')
403.333  000.431  000.431: require('lspconfig.async')
403.347  000.808  000.377: require('lspconfig.configs')
403.832  000.478  000.478: require('lspconfig.configs.omnisharp')
404.242  000.254  000.254: require('mason-lspconfig.ensure_installed')
404.771  000.250  000.250: require('mason-core.result')
405.683  000.414  000.414: require('mason-core.process')
421.396  015.699  015.699: require('mason-core.spawn')
421.411  016.399  000.286: require('mason-core.managers.powershell')
421.633  000.215  000.215: require('mason.version')
421.645  016.862  000.248: require('mason-core.fetch')
421.942  000.290  000.290: require('mason-core.providers')
422.736  000.317  000.317: require('mason-core.purl')
422.764  000.608  000.291: require('mason-core.package')
423.614  000.256  000.256: require('mason-core.installer.registry.expr')
423.638  000.537  000.281: require('mason-core.installer.registry.link')
424.981  000.271  000.271: require('mason-core.receipt')
425.020  000.568  000.296: require('mason-core.installer.context')
425.284  000.255  000.255: require('mason-core.async.control')
425.599  000.303  000.303: require('mason-core.installer.linker')
425.615  001.460  000.334: require('mason-core.installer')
425.641  001.751  000.291: require('mason-core.installer.managers.std')
425.650  002.004  000.253: require('mason-core.installer.registry.schemas')
425.903  000.246  000.246: require('mason-core.installer.registry.util')
425.967  003.195  000.407: require('mason-core.installer.registry')
425.977  004.024  000.222: require('mason-registry.sources.util')
426.007  021.731  000.305: require('mason-registry.sources.github')
433.675  000.232  000.232: require('mason-core.functional.number')
433.750  000.547  000.315: require('mason-lspconfig.api.command')
434.285  000.287  000.287: require('lspconfig')
434.556  000.259  000.259: require('lspconfig.configs.ts_ls')
438.164  000.366  000.366: require('lspconfig.manager')
438.548  000.356  000.356: require('lspconfig.configs.html')
442.437  000.649  000.649: require('lspconfig.configs.cssls')
445.883  000.372  000.372: require('lspconfig.configs.lua_ls')
465.274  000.172  000.172: sourcing C:/Users/Thunder/.config/nvim-data/lazy/plenary.nvim/plugin/plenary.vim
466.294  000.472  000.472: sourcing C:/Users/Thunder/.config/nvim-data/lazy/telescope.nvim/plugin/telescope.lua
470.624  000.285  000.285: require('telescope._extensions')
470.638  004.234  003.949: require('telescope')
471.621  000.221  000.221: require('plenary.bit')
471.856  000.223  000.223: require('plenary.functional')
471.888  000.739  000.296: require('plenary.path')
471.897  000.965  000.226: require('plenary.strings')
472.104  000.200  000.200: require('telescope.deprecated')
473.014  000.429  000.429: require('plenary.log')
473.061  000.688  000.259: require('telescope.log')
473.890  000.245  000.245: require('plenary.compat')
473.909  000.542  000.297: require('plenary.job')
474.143  000.226  000.226: require('telescope.state')
474.241  001.171  000.404: require('telescope.utils')
474.256  002.142  000.282: require('telescope.sorters')
477.120  006.475  003.168: require('telescope.config')
479.562  000.300  000.300: sourcing C:\Program Files\Neovim\share/nvim/runtime/plugin/editorconfig.lua
480.543  000.637  000.637: sourcing C:\Program Files\Neovim\share/nvim/runtime/plugin/gzip.vim
481.207  000.294  000.294: sourcing C:\Program Files\Neovim\share/nvim/runtime/plugin/man.lua
487.034  000.769  000.769: sourcing C:\Program Files\Neovim\share\nvim\runtime\pack\dist\opt\matchit\plugin\matchit.vim
487.132  005.627  004.857: sourcing C:\Program Files\Neovim\share/nvim/runtime/plugin/matchit.vim
487.792  000.390  000.390: sourcing C:\Program Files\Neovim\share/nvim/runtime/plugin/matchparen.vim
488.150  000.054  000.054: sourcing C:\Program Files\Neovim\share/nvim/runtime/plugin/netrwPlugin.vim
488.696  000.252  000.252: sourcing C:\Program Files\Neovim\share/nvim/runtime/plugin/osc52.lua
489.877  000.882  000.882: sourcing C:\Program Files\Neovim\share/nvim/runtime/plugin/rplugin.vim
490.372  000.191  000.191: sourcing C:\Program Files\Neovim\share/nvim/runtime/plugin/shada.vim
490.817  000.102  000.102: sourcing C:\Program Files\Neovim\share/nvim/runtime/plugin/spellfile.vim
491.384  000.271  000.271: sourcing C:\Program Files\Neovim\share/nvim/runtime/plugin/tarPlugin.vim
491.961  000.215  000.215: sourcing C:\Program Files\Neovim\share/nvim/runtime/plugin/tohtml.lua
492.374  000.096  000.096: sourcing C:\Program Files\Neovim\share/nvim/runtime/plugin/tutor.vim
492.985  000.331  000.331: sourcing C:\Program Files\Neovim\share/nvim/runtime/plugin/zipPlugin.vim
494.036  000.242  000.242: require('cmp_luasnip')
494.109  000.528  000.285: sourcing C:\Users\Thunder\.config\nvim-data\lazy\cmp_luasnip\after/plugin/cmp_luasnip.lua
495.038  000.288  000.288: require('cmp_cmdline')
495.092  000.547  000.258: sourcing C:\Users\Thunder\.config\nvim-data\lazy\cmp-cmdline\after/plugin/cmp_cmdline.lua
495.959  000.253  000.253: require('cmp_path')
495.998  000.489  000.236: sourcing C:\Users\Thunder\.config\nvim-data\lazy\cmp-path\after/plugin/cmp_path.lua
497.480  000.203  000.203: require('cmp_buffer.timer')
497.495  000.434  000.231: require('cmp_buffer.buffer')
497.504  000.659  000.225: require('cmp_buffer.source')
497.511  000.887  000.228: require('cmp_buffer')
497.546  001.152  000.265: sourcing C:\Users\Thunder\.config\nvim-data\lazy\cmp-buffer\after/plugin/cmp_buffer.lua
498.211  000.239  000.239: sourcing C:\Users\Thunder\.config\nvim-data\lazy\cmp-nvim-lsp\after/plugin/cmp_nvim_lsp.lua
498.581  437.885  186.142: require('config.lazy')
512.685  000.219  000.219: require('nvim-treesitter.highlight')
512.739  014.147  013.928: require('config.treesitter')
513.087  000.339  000.339: require('config.options')
514.479  001.381  001.381: require('config.mappings')
514.984  000.493  000.493: require('config.colors')
514.996  454.427  000.181: sourcing C:\Users\Thunder\.config\nvim\init.lua
515.073  001.243: sourcing vimrc file(s)
517.776  000.288  000.288: sourcing C:\Program Files\Neovim\share\nvim\runtime\filetype.lua
521.228  000.248  000.248: sourcing C:\Program Files\Neovim\share\nvim\runtime\syntax\synload.vim
522.140  002.915  002.667: sourcing C:\Program Files\Neovim\share/nvim/runtime/syntax/syntax.vim
522.242  003.966: inits 3
525.833  003.590: reading ShaDa
526.927  000.382  000.382: require('luasnip.loaders.from_snipmate')
527.250  001.035: opening buffers
527.819  000.287  000.287: require('bufferline.state')
528.479  000.942: BufEnter autocommands
528.496  000.017: editing files in windows
554.376  025.879: VimEnter autocommands
555.325  000.949: UIEnter autocommands
557.986  002.661: before starting main loop
559.907  000.276  000.276: require('bufferline.pick')
560.175  000.253  000.253: require('bufferline.duplicates')
560.504  000.317  000.317: require('bufferline.diagnostics')
560.860  000.344  000.344: require('bufferline.models')
560.873  001.586  000.396: require('bufferline.buffers')
561.402  000.319  000.319: require('bufferline.numbers')
562.007  000.441  000.441: require('bufferline.sorters')
562.452  000.361  000.361: require('bufferline.tabpages')
563.080  000.484  000.484: require('bufferline.offset')
563.638  000.533  000.533: require('bufferline.custom_area')
564.629  002.918: first screen update
564.647  000.018: --- NVIM STARTED ---

